#ACCELEROMETER:
X Velocity Random Walk:  0.00331 m/s/sqrt(s)  0.19877 m/s/sqrt(hr)
Y Velocity Random Walk:  0.00437 m/s/sqrt(s)  0.26222 m/s/sqrt(hr)
Z Velocity Random Walk:  0.00589 m/s/sqrt(s)  0.35346 m/s/sqrt(hr)

X Bias Correlation Time:  1.60000 s  0.00044 hr
Y Bias Correlation Time:  1.00000 s  0.00028 hr
Z Bias Correlation Time:  1.20000 s  0.00033 hr

X Bias Instability:  0.00117 m/s^2  15119.18784 m/hr^2
Y Bias Instability:  0.00149 m/s^2  19245.72960 m/hr^2
Z Bias Instability:  0.00203 m/s^2  26263.45296 m/hr^2

X Accel Random Walk:  0.00155 m/s^2/sqrt(s)
Y Accel Random Walk:  0.00128 m/s^2/sqrt(s)
Z Accel Random Walk:  0.00028 m/s^2/sqrt(s)

#GYROSCOPE:
X Angle Random Walk:  0.00812 deg/sqrt(s)  0.48744 deg/sqrt(hr)
Y Angle Random Walk:  0.00845 deg/sqrt(s)  0.50692 deg/sqrt(hr)
Z Angle Random Walk:  0.01397 deg/sqrt(s)  0.83825 deg/sqrt(hr)

X Bias Correlation Time:  107.50000 s  0.02986 hr
Y Bias Correlation Time:  229.80000 s  0.06383 hr
Z Bias Correlation Time:  2.00000 s  0.00056 hr

X Bias Instability:  0.00199 deg/s  7.16990 deg/hr
Y Bias Instability:  0.00287 deg/s  10.33107 deg/hr
Z Bias Instability:  0.00560 deg/s  20.14914 deg/hr

X Rate Random Walk:  0.00031 deg/s/sqrt(s)
Y Rate Random Walk:  0.00043 deg/s/sqrt(s)
Z Rate Random Walk:  0.00851 deg/s/sqrt(s)
